<?xml version="1.0" encoding="UTF-8"?>
<!-- Generated by org.testng.reporters.JUnitXMLReporter -->
<testsuite ignored="2" hostname="Lenovo" failures="0" tests="1" name="Default test" time="33.032" errors="0" timestamp="2024-09-01T12:36:14 EDT">
  <testcase classname="locators2.ContainXpath" name="containMethod" time="8.69"/>
  <testcase classname="locators2.ContainXpath" name="partialContainTextMethod" time="0.0">
    <ignored/>
  </testcase> <!-- partialContainTextMethod -->
  <testcase classname="bestbuyBase.BaseTestForBestBuy" name="openApplication" time="0.0">
    <ignored/>
  </testcase> <!-- openApplication -->
</testsuite> <!-- Default test -->
