<?xml version="1.0" encoding="UTF-8"?>
<testng-results ignored="2" total="3" passed="1" failed="0" skipped="0">
  <reporter-output>
  </reporter-output>
  <suite started-at="2024-09-01T12:35:41 EDT" name="Default suite" finished-at="2024-09-01T12:36:14 EDT" duration-ms="33032">
    <groups>
    </groups>
    <test started-at="2024-09-01T12:35:41 EDT" name="Default test" finished-at="2024-09-01T12:36:14 EDT" duration-ms="33032">
      <class name="locators2.ContainXpath">
        <test-method is-config="true" signature="openBestBuy()[pri:0, instance:locators2.ContainXpath@42e99e4a]" started-at="2024-09-01T12:35:41 EDT" name="openBestBuy" finished-at="2024-09-01T12:36:05 EDT" duration-ms="24176" status="PASS">
          <reporter-output>
          </reporter-output>
        </test-method> <!-- openBestBuy -->
        <test-method signature="containMethod()[pri:0, instance:locators2.ContainXpath@42e99e4a]" started-at="2024-09-01T12:36:05 EDT" name="containMethod" finished-at="2024-09-01T12:36:14 EDT" duration-ms="8690" status="PASS">
          <reporter-output>
          </reporter-output>
        </test-method> <!-- containMethod -->
        <test-method is-config="true" signature="closeBestBuy()[pri:0, instance:locators2.ContainXpath@42e99e4a]" started-at="2024-09-01T12:36:14 EDT" name="closeBestBuy" finished-at="2024-09-01T12:36:14 EDT" duration-ms="2" status="PASS">
          <reporter-output>
          </reporter-output>
        </test-method> <!-- closeBestBuy -->
      </class> <!-- locators2.ContainXpath -->
    </test> <!-- Default test -->
  </suite> <!-- Default suite -->
</testng-results>
